<?xml version="1.0" encoding="UTF-8"?>
<!-- Generated by org.testng.reporters.JUnitReportReporter -->
<testsuite hostname="DESKTOP-2SJV0LG" failures="0" tests="12" name="testcases.ConnectorsTest" time="544.156" errors="0" timestamp="2022-12-05T13:19:27 IST" skipped="0">
  <testcase classname="testcases.ConnectorsTest" name="connectionAddApi" time="56.382"/>
  <system-out/>
  <testcase classname="testcases.ConnectorsTest" name="connectionAddApi" time="37.623"/>
  <system-out/>
  <testcase classname="testcases.ConnectorsTest" name="connectionTestApi" time="39.969"/>
  <system-out/>
  <testcase classname="testcases.ConnectorsTest" name="connectionSaveApi" time="60.561"/>
  <system-out/>
  <testcase classname="testcases.ConnectorsTest" name="connectionSaveApi" time="57.557"/>
  <system-out/>
  <testcase classname="testcases.ConnectorsTest" name="connectionTestApi" time="38.622"/>
  <system-out/>
  <testcase classname="testcases.ConnectorsTest" name="connectionTest" time="39.824"/>
  <system-out/>
  <testcase classname="testcases.ConnectorsTest" name="connectionTest" time="40.986"/>
  <system-out/>
  <testcase classname="testcases.ConnectorsTest" name="saveConnection" time="49.364"/>
  <system-out/>
  <testcase classname="testcases.ConnectorsTest" name="saveConnection" time="42.314"/>
  <system-out/>
  <testcase classname="testcases.ConnectorsTest" name="addQuery" time="41.239"/>
  <system-out/>
  <testcase classname="testcases.ConnectorsTest" name="addQuery" time="39.715"/>
  <system-out/>
</testsuite> <!-- testcases.ConnectorsTest -->
