<?xml version="1.0" encoding="UTF-8"?>
<!-- Generated by org.testng.reporters.JUnitReportReporter -->
<testsuite hostname="DESKTOP-2SJV0LG" failures="0" tests="10" name="testcases.ApplicationTest" time="876.778" errors="0" timestamp="2022-12-05T13:19:27 IST" skipped="0">
  <testcase classname="testcases.ApplicationTest" name="createApp" time="60.841"/>
  <system-out/>
  <testcase classname="testcases.ApplicationTest" name="addControls" time="82.001"/>
  <system-out/>
  <testcase classname="testcases.ApplicationTest" name="addMongoConnector" time="73.874"/>
  <system-out/>
  <testcase classname="testcases.ApplicationTest" name="addPostgreConnector" time="88.509"/>
  <system-out/>
  <testcase classname="testcases.ApplicationTest" name="addAutoApi" time="82.641"/>
  <system-out/>
  <testcase classname="testcases.ApplicationTest" name="addGraphQL" time="82.763"/>
  <system-out/>
  <testcase classname="testcases.ApplicationTest" name="ButtonFlow" time="127.266"/>
  <system-out/>
  <testcase classname="testcases.ApplicationTest" name="CheckPreview" time="87.738"/>
  <system-out/>
  <testcase classname="testcases.ApplicationTest" name="CheckPublish" time="96.847"/>
  <system-out/>
  <testcase classname="testcases.ApplicationTest" name="CheckAppImport" time="94.298"/>
  <system-out/>
</testsuite> <!-- testcases.ApplicationTest -->
