<?xml version="1.0" encoding="UTF-8"?>
<!-- Generated by org.testng.reporters.JUnitReportReporter -->
<testsuite hostname="DESKTOP-2SJV0LG" failures="0" tests="2" name="testcases.AddUserTest" time="114.416" errors="0" timestamp="2022-12-06T11:59:05 IST" skipped="0">
  <testcase classname="testcases.AddUserTest" name="AddUser" time="78.084"/>
  <system-out/>
  <testcase classname="testcases.AddUserTest" name="LoginUser" time="36.332"/>
  <system-out/>
</testsuite> <!-- testcases.AddUserTest -->
