<?xml version="1.0" encoding="UTF-8"?>
<!-- Generated by org.testng.reporters.JUnitReportReporter -->
<testsuite hostname="DESKTOP-2SJV0LG" failures="0" tests="1" name="testcases.GoogleSheetTest" time="102.056" errors="0" timestamp="2022-12-05T17:25:31 IST" skipped="0">
  <testcase classname="testcases.GoogleSheetTest" name="TestOAuth1" time="102.056"/>
  <system-out/>
</testsuite> <!-- testcases.GoogleSheetTest -->
