<?xml version="1.0" encoding="UTF-8"?>
<!-- Generated by org.testng.reporters.JUnitReportReporter -->
<testsuite hostname="DESKTOP-DL61R0B" failures="0" tests="2" name="ManageUsers.Report" time="166.779" errors="0" timestamp="2022-03-02T12:35:59 IST" skipped="0">
  <testcase classname="ManageUsers.Report" name="AddUser" time="108.161"/>
  <system-out/>
  <testcase classname="ManageUsers.Report" name="LoginUser" time="58.618"/>
  <system-out/>
</testsuite> <!-- ManageUsers.Report -->
